<?xml version="1.0" encoding="UTF-8"?>
<!-- Generated by org.testng.reporters.JUnitXMLReporter -->
<testsuite ignored="0" hostname="Ayush" failures="0" tests="3" name="Test" time="0.325" errors="0" timestamp="2023-11-01T22:26:30 IST">
  <testcase classname="testNG_Test_Cases.Register_Test_Case" name="register" time="0.048"/>
  <testcase classname="testNG_Test_Cases.Login_Test_Case" name="login" time="0.006"/>
  <testcase classname="testNG_Test_Cases.Search_Test_Case" name="search" time="0.005"/>
</testsuite> <!-- Test -->
