<?xml version="1.0" encoding="UTF-8"?>
<!-- Generated by org.testng.reporters.JUnitXMLReporter -->
<testsuite ignored="0" hostname="Ayush" failures="0" tests="5" name="Default test" time="7.161" errors="0" timestamp="2023-11-07T12:28:24 IST">
  <testcase classname="testNG_Basics.Parallel_Execution" name="register" time="7.02"/>
  <testcase classname="testNG_Basics.Parallel_Execution" name="register" time="7.02"/>
  <testcase classname="testNG_Basics.Parallel_Execution" name="register" time="7.02"/>
  <testcase classname="testNG_Basics.Parallel_Execution" name="register" time="7.019"/>
  <testcase classname="testNG_Basics.Parallel_Execution" name="register" time="7.024"/>
</testsuite> <!-- Default test -->
